proguard.cfg
-optimizationpasses 5
-dontusemixedcaseclassnames
-dontpreverify
-verbose
-allowaccessmodification
-mergeinterfacesaggressively

-keepclassmembers class com.aragaer.jtt.resources.* {
    protected <init>(android.content.Context);
}

-keep class * implements java.io.Serializable
-keepclassmembers class * implements java.io.Serializable {
    static final long serialVersionUID;
    private static final java.io.ObjectStreamField[] serialPersistentFields;
    !static !transient <fields>;
    !private <fields>;
    !private <methods>;
    private void writeObject(java.io.ObjectOutputStream);
    private void readObject(java.io.ObjectInputStream);
    java.lang.Object writeReplace();
    java.lang.Object readResolve();
}