proguard/mapping.txt
com.aragaer.jtt.BootReceiver -> com.aragaer.jtt.BootReceiver:
    void onReceive(android.content.Context,android.content.Intent) -> onReceive
com.aragaer.jtt.BoundaryItem -> com.aragaer.jtt.a:
    android.view.View toView(android.content.Context,android.view.View,int) -> a
com.aragaer.jtt.ClockView -> com.aragaer.jtt.b:
    com.aragaer.jtt.resources.StringResources sr -> a
    android.widget.TextView text -> b
    com.aragaer.jtt.graphics.WadokeiView wadokei -> c
    com.aragaer.jtt.graphics.ArrowView arrow -> d
    com.aragaer.jtt.core.Hour hour -> e
    boolean vertical -> f
    void setHour(int) -> a
    void onMeasure(int,int) -> onMeasure
    void onLayout(boolean,int,int,int,int) -> onLayout
    void onStringResourcesChanged$13462e() -> a
com.aragaer.jtt.HourItem -> com.aragaer.jtt.c:
    int hnum -> c
    java.lang.String[] extras -> a
    android.view.View toView(android.content.Context,android.view.View,int) -> a
com.aragaer.jtt.JTTMainActivity -> com.aragaer.jtt.JTTMainActivity:
    com.aragaer.jtt.ClockView clock -> a
    com.aragaer.jtt.JTTPager pager -> b
    com.aragaer.jtt.TodayAdapter today -> c
    android.content.BroadcastReceiver receiver -> d
    int settings_tab -> e
    void onCreate(android.os.Bundle) -> onCreate
    void onStart() -> onStart
    void onDestroy() -> onDestroy
    com.aragaer.jtt.ClockView access$000(com.aragaer.jtt.JTTMainActivity) -> a
    com.aragaer.jtt.TodayAdapter access$100(com.aragaer.jtt.JTTMainActivity) -> b
com.aragaer.jtt.JTTMainActivity$1 -> com.aragaer.jtt.d:
    com.aragaer.jtt.JTTMainActivity this$0 -> a
    void onReceive(android.content.Context,android.content.Intent) -> onReceive
com.aragaer.jtt.JTTPager -> com.aragaer.jtt.e:
    com.aragaer.jtt.JTTPager$PageScroller scrollview -> b
    com.aragaer.jtt.JTTPager$ScrollContents pageview -> c
    android.widget.RadioGroup tablist -> d
    int viewport_width -> a
    android.widget.RadioGroup$LayoutParams btnlp -> e
    void onCheckedChanged(android.widget.RadioGroup,int) -> onCheckedChanged
    int addTab(android.view.View,int) -> a
    void selectScreen(int) -> a
    android.widget.RadioGroup access$000(com.aragaer.jtt.JTTPager) -> a
com.aragaer.jtt.JTTPager$PageScroller -> com.aragaer.jtt.f:
    int scrollFrom -> a
    int minfling -> b
    android.view.VelocityTracker vt -> c
    com.aragaer.jtt.JTTPager this$0 -> d
    boolean onTouchEvent(android.view.MotionEvent) -> onTouchEvent
    int n2x(int) -> b
    void trySmoothScrollToScreen(int) -> a
    void onMeasure(int,int) -> onMeasure
    void onLayout(boolean,int,int,int,int) -> onLayout
com.aragaer.jtt.JTTPager$ScrollContents -> com.aragaer.jtt.g:
    com.aragaer.jtt.JTTPager this$0 -> a
    void onMeasure(int,int) -> onMeasure
    void onLayout(boolean,int,int,int,int) -> onLayout
com.aragaer.jtt.JTTWidgetProvider -> com.aragaer.jtt.JTTWidgetProvider:
    java.util.Map classes -> a
    void draw_all(android.content.Context) -> a
    void draw(android.content.Context,int[],com.aragaer.jtt.JTTWidgetProvider$WidgetHolder) -> b
    java.util.Map access$000() -> a
    void access$100(android.content.Context,android.content.Intent,java.lang.Class) -> a
    void access$200(android.content.Context,int[],com.aragaer.jtt.JTTWidgetProvider$WidgetHolder) -> a
com.aragaer.jtt.JTTWidgetProvider$JTTWidget -> com.aragaer.jtt.h:
    void onReceive(android.content.Context,android.content.Intent) -> onReceive
com.aragaer.jtt.JTTWidgetProvider$Widget1 -> com.aragaer.jtt.JTTWidgetProvider$Widget1:
    void onReceive(android.content.Context,android.content.Intent) -> onReceive
com.aragaer.jtt.JTTWidgetProvider$Widget12 -> com.aragaer.jtt.JTTWidgetProvider$Widget12:
    void onReceive(android.content.Context,android.content.Intent) -> onReceive
com.aragaer.jtt.JTTWidgetProvider$WidgetHolder -> com.aragaer.jtt.i:
    android.content.ComponentName cn -> a
    com.aragaer.jtt.core.Hour last_update -> b
    com.aragaer.jtt.WidgetPainter painter -> c
    int granularity -> d
...
com.luckycatlabs.sunrisesunset.SunriseSunsetCalculator -> com.a.a.a:
    com.luckycatlabs.sunrisesunset.calculator.SolarEventCalculator calculator -> a
com.luckycatlabs.sunrisesunset.Zenith -> com.a.a.b:
    com.luckycatlabs.sunrisesunset.Zenith OFFICIAL -> a
    java.math.BigDecimal degrees -> b
    java.math.BigDecimal degrees() -> a
com.luckycatlabs.sunrisesunset.calculator.SolarEventCalculator -> com.a.a.a.a:
    com.luckycatlabs.sunrisesunset.dto.Location location -> a
    java.util.TimeZone timeZone -> b
    java.math.BigDecimal computeSolarEventTime(com.luckycatlabs.sunrisesunset.Zenith,java.util.Calendar,boolean) -> a
    java.math.BigDecimal getBaseLongitudeHour() -> a
    long getLocalTimeInMillis(java.math.BigDecimal,java.util.Calendar) -> a
    java.math.BigDecimal convertRadiansToDegrees(java.math.BigDecimal) -> a
    java.math.BigDecimal convertDegreesToRadians(java.math.BigDecimal) -> b
    java.math.BigDecimal multiplyBy(java.math.BigDecimal,java.math.BigDecimal) -> a
    java.math.BigDecimal divideBy(java.math.BigDecimal,java.math.BigDecimal) -> b
    java.math.BigDecimal setScale(java.math.BigDecimal) -> c
com.luckycatlabs.sunrisesunset.dto.Location -> com.a.a.b.a:
    java.math.BigDecimal latitude -> a
    java.math.BigDecimal longitude -> b