proguard/usage.txt
com.aragaer.jtt.BuildConfig
com.aragaer.jtt.ClockView:
    private int hn
    private int hf
    private static final int granularity
com.aragaer.jtt.JTTPager$ScrollContents:
    private static final int ID
com.aragaer.jtt.JTTWidgetProvider:
    private static final java.lang.String PKG_NAME
    36:139:public JTTWidgetProvider()
com.aragaer.jtt.JttService:
    private static final java.lang.String TAG
    static final java.lang.String STOP_ACTION
com.aragaer.jtt.JttStatus:
    private static final int APP_ID
    private static final int flags_ongoing
com.aragaer.jtt.LocationPreference:
    public static final java.lang.String DEFAULT
    private static final java.lang.String fmt1
    private static final java.lang.String fmt2
    private static final java.lang.String fmt3
com.aragaer.jtt.R
com.aragaer.jtt.R$array
com.aragaer.jtt.R$attr
com.aragaer.jtt.R$color
com.aragaer.jtt.R$dimen
com.aragaer.jtt.R$drawable
com.aragaer.jtt.R$id
com.aragaer.jtt.R$layout
com.aragaer.jtt.R$string
com.aragaer.jtt.R$style
com.aragaer.jtt.R$xml
com.aragaer.jtt.Settings:
    public static final java.lang.String PREF_LOCATION
    public static final java.lang.String PREF_LOCALE
    public static final java.lang.String PREF_HNAME
    public static final java.lang.String PREF_NOTIFY
    public static final java.lang.String PREF_WIDGET_INVERSE
com.aragaer.jtt.TodayAdapter:
    private static final java.lang.String TAG
com.aragaer.jtt.WidgetPainter1:
    private static final float QUARTER_ANGLE
    private static final float PART_ANGLE
com.aragaer.jtt.core.Calculator:
    public static final java.lang.String AUTHORITY
    private static final int TR
    private static final int LOC
com.aragaer.jtt.core.Clockwork:
    public static final java.lang.String ACTION_JTT_TICK
    private static final int INTENT_FLAGS
    private static final double total
    61:63:public static void unschedule(android.content.Context)
com.aragaer.jtt.core.Hour:
    public static final int HOURS
    public static final int QUARTERS
    public static final int QUARTER_PARTS
    public static final int HOUR_PARTS
    public static final int TOTAL_PARTS
com.aragaer.jtt.graphics.WadokeiDraw:
    private static final int step
    private static final float gap
    private static final float QUARTER_ANGLE
    private static final float PART_ANGLE
com.aragaer.jtt.resources.StringResources:
    public static final int TYPE_HOUR_NAME
    public static final int TYPE_TIME_FORMAT
...
com.luckycatlabs.sunrisesunset.SunriseSunsetCalculator:
    private com.luckycatlabs.sunrisesunset.dto.Location location
    45:47:public SunriseSunsetCalculator(com.luckycatlabs.sunrisesunset.dto.Location,java.lang.String)
    70:70:public long getAstronomicalSunriseForDate(java.util.Calendar)
    81:81:public java.lang.String getAstronomicalSunriseStringForDate(java.util.Calendar)
    92:92:public java.util.Calendar getAstronomicalSunriseCalendarForDate(java.util.Calendar)
    103:103:public long getAstronomicalSunsetForDate(java.util.Calendar)
    114:114:public java.lang.String getAstronomicalSunsetStringForDate(java.util.Calendar)
    125:125:public java.util.Calendar getAstronomicalSunsetCalendarForDate(java.util.Calendar)
    136:136:public long getNauticalSunriseForDate(java.util.Calendar)
    147:147:public java.lang.String getNauticalSunriseStringForDate(java.util.Calendar)
    158:158:public java.util.Calendar getNauticalSunriseCalendarForDate(java.util.Calendar)
    169:169:public long getNauticalSunsetForDate(java.util.Calendar)
    180:180:public java.lang.String getNauticalSunsetStringForDate(java.util.Calendar)
    191:191:public java.util.Calendar getNauticalSunsetCalendarForDate(java.util.Calendar)
    202:202:public long getCivilSunriseForDate(java.util.Calendar)
    213:213:public java.lang.String getCivilSunriseStringForDate(java.util.Calendar)
    224:224:public java.util.Calendar getCivilSunriseCalendarForDate(java.util.Calendar)
com.luckycatlabs.sunrisesunset.calculator.SolarEventCalculator:
    43:46:public SolarEventCalculator(com.luckycatlabs.sunrisesunset.dto.Location,java.lang.String)
    85:85:public java.lang.String computeSunriseTime(com.luckycatlabs.sunrisesunset.Zenith,java.util.Calendar)
    98:98:public java.util.Calendar computeSunriseCalendar(com.luckycatlabs.sunrisesunset.Zenith,java.util.Calendar)
    125:125:public java.lang.String computeSunsetTime(com.luckycatlabs.sunrisesunset.Zenith,java.util.Calendar)
    138:138:public java.util.Calendar computeSunsetCalendar(com.luckycatlabs.sunrisesunset.Zenith,java.util.Calendar)
    326:349:private java.lang.String getLocalTimeAsString(java.math.BigDecimal)
    360:392:protected java.util.Calendar getLocalTimeAsCalendar(java.math.BigDecimal,java.util.Calendar)
com.luckycatlabs.sunrisesunset.dto.Location:
    36:39:public Location(java.lang.String,java.lang.String)